<?xml version="1.0" encoding="UTF-8"?>
<testng-results ignored="1" total="3" passed="1" failed="1" skipped="0">
  <reporter-output>
  </reporter-output>
  <suite started-at="2023-12-11T07:27:26 GMT" name="Default suite" finished-at="2023-12-11T07:27:39 GMT" duration-ms="13152">
    <groups>
    </groups>
    <test started-at="2023-12-11T07:27:26 GMT" name="Default test" finished-at="2023-12-11T07:27:39 GMT" duration-ms="13152">
      <class name="testScripts.TestngDemo">
        <test-method is-config="true" signature="before()[pri:0, instance:testScripts.TestngDemo@4229bb3f]" started-at="2023-12-11T07:27:26 GMT" name="before" finished-at="2023-12-11T07:27:29 GMT" duration-ms="3342" status="PASS">
          <reporter-output>
          </reporter-output>
        </test-method> <!-- before -->
        <test-method signature="seleniumSearch()[pri:2, instance:testScripts.TestngDemo@4229bb3f]" started-at="2023-12-11T07:27:29 GMT" name="seleniumSearch" finished-at="2023-12-11T07:27:35 GMT" duration-ms="6240" status="FAIL">
          <exception class="java.lang.AssertionError">
            <message>
              <![CDATA[expected [seleniu - Google Search] but found [selenium - Google Search]]]>
            </message>
            <full-stacktrace>
              <![CDATA[java.lang.AssertionError: expected [seleniu - Google Search] but found [selenium - Google Search]
at org.testng.Assert.fail(Assert.java:110)
at org.testng.Assert.failNotEquals(Assert.java:1413)
at org.testng.Assert.assertEqualsImpl(Assert.java:149)
at org.testng.Assert.assertEquals(Assert.java:131)
at org.testng.Assert.assertEquals(Assert.java:655)
at org.testng.Assert.assertEquals(Assert.java:665)
at testScripts.TestngDemo.seleniumSearch(TestngDemo.java:33)
at java.base/jdk.internal.reflect.NativeMethodAccessorImpl.invoke0(Native Method)
at java.base/jdk.internal.reflect.NativeMethodAccessorImpl.invoke(NativeMethodAccessorImpl.java:78)
at java.base/jdk.internal.reflect.DelegatingMethodAccessorImpl.invoke(DelegatingMethodAccessorImpl.java:43)
at java.base/java.lang.reflect.Method.invoke(Method.java:567)
at org.testng.internal.invokers.MethodInvocationHelper.invokeMethod(MethodInvocationHelper.java:139)
at org.testng.internal.invokers.TestInvoker.invokeMethod(TestInvoker.java:677)
at org.testng.internal.invokers.TestInvoker.invokeTestMethod(TestInvoker.java:221)
at org.testng.internal.invokers.MethodRunner.runInSequence(MethodRunner.java:50)
at org.testng.internal.invokers.TestInvoker$MethodInvocationAgent.invoke(TestInvoker.java:969)
at org.testng.internal.invokers.TestInvoker.invokeTestMethods(TestInvoker.java:194)
at org.testng.internal.invokers.TestMethodWorker.invokeTestMethods(TestMethodWorker.java:148)
at org.testng.internal.invokers.TestMethodWorker.run(TestMethodWorker.java:128)
at java.base/java.util.ArrayList.forEach(ArrayList.java:1511)
at org.testng.TestRunner.privateRun(TestRunner.java:829)
at org.testng.TestRunner.run(TestRunner.java:602)
at org.testng.SuiteRunner.runTest(SuiteRunner.java:437)
at org.testng.SuiteRunner.runSequentially(SuiteRunner.java:431)
at org.testng.SuiteRunner.privateRun(SuiteRunner.java:391)
at org.testng.SuiteRunner.run(SuiteRunner.java:330)
at org.testng.SuiteRunnerWorker.runSuite(SuiteRunnerWorker.java:52)
at org.testng.SuiteRunnerWorker.run(SuiteRunnerWorker.java:95)
at org.testng.TestNG.runSuitesSequentially(TestNG.java:1256)
at org.testng.TestNG.runSuitesLocally(TestNG.java:1176)
at org.testng.TestNG.runSuites(TestNG.java:1099)
at org.testng.TestNG.run(TestNG.java:1067)
at org.testng.remote.AbstractRemoteTestNG.run(AbstractRemoteTestNG.java:115)
at org.testng.remote.RemoteTestNG.initAndRun(RemoteTestNG.java:251)
at org.testng.remote.RemoteTestNG.main(RemoteTestNG.java:77)
]]>
            </full-stacktrace>
          </exception> <!-- java.lang.AssertionError -->
          <reporter-output>
          </reporter-output>
        </test-method> <!-- seleniumSearch -->
        <test-method is-config="true" signature="after()[pri:0, instance:testScripts.TestngDemo@4229bb3f]" started-at="2023-12-11T07:27:35 GMT" name="after" finished-at="2023-12-11T07:27:36 GMT" duration-ms="154" status="PASS">
          <reporter-output>
          </reporter-output>
        </test-method> <!-- after -->
        <test-method is-config="true" signature="before()[pri:0, instance:testScripts.TestngDemo@4229bb3f]" started-at="2023-12-11T07:27:36 GMT" name="before" finished-at="2023-12-11T07:27:37 GMT" duration-ms="1344" status="PASS">
          <reporter-output>
          </reporter-output>
        </test-method> <!-- before -->
        <test-method signature="javaSearch()[pri:0, instance:testScripts.TestngDemo@4229bb3f]" started-at="2023-12-11T07:27:37 GMT" name="javaSearch" finished-at="2023-12-11T07:27:39 GMT" depends-on-methods="testScripts.TestngDemo.seleniumSearch" duration-ms="1862" status="PASS">
          <reporter-output>
          </reporter-output>
        </test-method> <!-- javaSearch -->
        <test-method is-config="true" signature="after()[pri:0, instance:testScripts.TestngDemo@4229bb3f]" started-at="2023-12-11T07:27:39 GMT" name="after" finished-at="2023-12-11T07:27:39 GMT" duration-ms="132" status="PASS">
          <reporter-output>
          </reporter-output>
        </test-method> <!-- after -->
      </class> <!-- testScripts.TestngDemo -->
    </test> <!-- Default test -->
  </suite> <!-- Default suite -->
</testng-results>
